<?xml version="1.0" encoding="UTF-8"?>
<!-- Generated by org.testng.reporters.JUnitReportReporter -->
<testsuite hostname="Swapneel" failures="0" tests="1" name="tests.RegisterUserTest" time="31.199" errors="0" timestamp="2025-09-19T02:22:40 IST" skipped="0">
  <testcase classname="tests.RegisterUserTest" name="testRegisterUser" time="31.199"/>
</testsuite> <!-- tests.RegisterUserTest -->
